<?xml version="1.0" encoding="UTF-8"?>
<testng-results skipped="0" failed="0" ignored="0" total="1" passed="1">
  <reporter-output>
  </reporter-output>
  <suite name="Main Test Suite" duration-ms="6914" started-at="2018-08-17T20:22:05Z" finished-at="2018-08-17T20:22:12Z">
    <groups>
    </groups>
    <test name="TestNG Test Group" duration-ms="6914" started-at="2018-08-17T20:22:05Z" finished-at="2018-08-17T20:22:12Z">
      <class name="COM.appium.AndroidAutomation.Script_001">
        <test-method status="PASS" signature="sanityTest()[pri:0, instance:COM.appium.AndroidAutomation.Script_001@3b4d50b]" name="sanityTest" duration-ms="6892" started-at="2018-08-18T01:52:05Z" finished-at="2018-08-18T01:52:12Z">
          <reporter-output>
          </reporter-output>
        </test-method> <!-- sanityTest -->
      </class> <!-- COM.appium.AndroidAutomation.Script_001 -->
    </test> <!-- TestNG Test Group -->
  </suite> <!-- Main Test Suite -->
</testng-results>
